<?xml version="1.0" encoding="UTF-8"?>
<robot generator="Robot 7.2.2 (Python 3.12.4 on win32)" generated="2025-04-27T13:44:14.173680" rpa="false" schemaversion="5">
<suite id="s1" name="Projeto-Robot" source="C:\Users\dh18j\Desktop\Projeto-Robot">
<suite id="s1-s1" name="Testes" source="C:\Users\dh18j\Desktop\Projeto-Robot\Testes">
<suite id="s1-s1-s1" name="Actions" source="C:\Users\dh18j\Desktop\Projeto-Robot\Testes\Actions.robot">
<test id="s1-s1-s1-t1" name="Fluxo de criação de tarefa" line="5">
<kw name="Login" owner="Login_Keywords">
<kw name="Open Browser" owner="SeleniumLibrary">
<msg time="2025-04-27T13:44:14.422046" level="INFO">Opening browser 'edge' to base url 'https://app.todoist.com/auth/login'.</msg>
<arg>https://app.todoist.com/auth/login</arg>
<arg>${BROWSER}</arg>
<doc>Opens a new browser instance to the optional ``url``.</doc>
<status status="PASS" start="2025-04-27T13:44:14.422046" elapsed="4.333301"/>
</kw>
<kw name="Maximize Browser Window" owner="SeleniumLibrary">
<doc>Maximizes current browser window.</doc>
<status status="PASS" start="2025-04-27T13:44:18.755887" elapsed="0.045745"/>
</kw>
<kw name="Wait Until Element Is Visible" owner="SeleniumLibrary">
<arg>${CAMPO_EMAIL}</arg>
<doc>Waits until the element ``locator`` is visible.</doc>
<status status="PASS" start="2025-04-27T13:44:18.802149" elapsed="0.869659"/>
</kw>
<kw name="Input Text" owner="SeleniumLibrary">
<msg time="2025-04-27T13:44:19.671808" level="INFO">Typing text 'qatestedh@gmail.com' into text field 'xpath=//input[@id='element-0']'.</msg>
<arg>${CAMPO_EMAIL}</arg>
<arg>${email}</arg>
<doc>Types the given ``text`` into the text field identified by ``locator``.</doc>
<status status="PASS" start="2025-04-27T13:44:19.671808" elapsed="0.129651"/>
</kw>
<kw name="Wait Until Element Is Visible" owner="SeleniumLibrary">
<arg>${CAMPO_SENHA}</arg>
<doc>Waits until the element ``locator`` is visible.</doc>
<status status="PASS" start="2025-04-27T13:44:19.801459" elapsed="0.021871"/>
</kw>
<kw name="Input Password" owner="SeleniumLibrary">
<msg time="2025-04-27T13:44:19.823330" level="INFO">Typing password into text field 'xpath=//input[@id='element-2']'.</msg>
<msg time="2025-04-27T13:44:19.847841" level="INFO">Temporally setting log level to: NONE</msg>
<arg>${CAMPO_SENHA}</arg>
<arg>${senha}</arg>
<doc>Types the given password into the text field identified by ``locator``.</doc>
<status status="PASS" start="2025-04-27T13:44:19.823330" elapsed="0.080657"/>
</kw>
<kw name="Click Element" owner="SeleniumLibrary">
<msg time="2025-04-27T13:44:19.905011" level="INFO">Clicking element 'xpath=//button[@type='submit']'.</msg>
<arg>${BOTAO_LOGIN}</arg>
<doc>Click the element identified by ``locator``.</doc>
<status status="PASS" start="2025-04-27T13:44:19.903987" elapsed="0.095669"/>
</kw>
<kw name="Sleep" owner="BuiltIn">
<msg time="2025-04-27T13:44:23.001234" level="INFO">Slept 3 seconds.</msg>
<arg>3s</arg>
<doc>Pauses the test executed for the given time.</doc>
<status status="PASS" start="2025-04-27T13:44:19.999656" elapsed="3.001778"/>
</kw>
<arg>qatestedh@gmail.com</arg>
<arg>Leo12345@</arg>
<status status="PASS" start="2025-04-27T13:44:14.421044" elapsed="8.580390"/>
</kw>
<kw name="Add tarefa" owner="Adicionar_Tarefas_Keywords">
<kw name="Wait Until Element Is Visible" owner="SeleniumLibrary">
<arg>${BOTAO_NOVA_TAREFA}</arg>
<doc>Waits until the element ``locator`` is visible.</doc>
<status status="PASS" start="2025-04-27T13:44:23.002955" elapsed="1.537811"/>
</kw>
<kw name="Click Element" owner="SeleniumLibrary">
<msg time="2025-04-27T13:44:24.540766" level="INFO">Clicking element 'xpath=//button[@class='fb8d74bb _8c75067a vZhNClH _3930afa0 aa19cb97 _7246d092']'.</msg>
<arg>${BOTAO_NOVA_TAREFA}</arg>
<doc>Click the element identified by ``locator``.</doc>
<status status="PASS" start="2025-04-27T13:44:24.540766" elapsed="0.864685"/>
</kw>
<kw name="Input Text" owner="SeleniumLibrary">
<msg time="2025-04-27T13:44:25.406960" level="INFO">Typing text 'Desafio' into text field 'xpath=//p[contains(@class, "is-empty")]'.</msg>
<arg>${CAMPO_TITULO_TAREFA}</arg>
<arg>Desafio</arg>
<doc>Types the given ``text`` into the text field identified by ``locator``.</doc>
<status status="PASS" start="2025-04-27T13:44:25.405451" elapsed="0.212302"/>
</kw>
<kw name="Input Text" owner="SeleniumLibrary">
<msg time="2025-04-27T13:44:25.619262" level="INFO">Typing text 'Automação de testes' into text field 'xpath=//p[@data-placeholder="Descrição"]'.</msg>
<arg>${CAMPO_DESCRICAO_TAREFA}</arg>
<arg>Automação de testes</arg>
<doc>Types the given ``text`` into the text field identified by ``locator``.</doc>
<status status="PASS" start="2025-04-27T13:44:25.619262" elapsed="0.169661"/>
</kw>
<kw name="Click Element" owner="SeleniumLibrary">
<msg time="2025-04-27T13:44:25.789883" level="INFO">Clicking element 'xpath=(//div[@class='qVNyhZ0 a83bd4e0 a8d37c6e _6a3e5ade _2f303ac3 fb8d74bb _211eebc7'][normalize-space()='Prioridade'])[1]'.</msg>
<arg>${SELECT_PRIORIDADE}</arg>
<doc>Click the element identified by ``locator``.</doc>
<status status="PASS" start="2025-04-27T13:44:25.788923" elapsed="0.076805"/>
</kw>
<kw name="Wait Until Element Is Visible" owner="SeleniumLibrary">
<arg>${OPCAO_PRIORIDADE_1}</arg>
<doc>Waits until the element ``locator`` is visible.</doc>
<status status="PASS" start="2025-04-27T13:44:25.865728" elapsed="0.018885"/>
</kw>
<kw name="Click Element" owner="SeleniumLibrary">
<msg time="2025-04-27T13:44:25.885721" level="INFO">Clicking element 'xpath=//span[@class="priority_picker_item_name" and contains(text(), 'Prioridade 1')]'.</msg>
<arg>${OPCAO_PRIORIDADE_1}</arg>
<doc>Click the element identified by ``locator``.</doc>
<status status="PASS" start="2025-04-27T13:44:25.885721" elapsed="0.078766"/>
</kw>
<kw name="Click Element" owner="SeleniumLibrary">
<msg time="2025-04-27T13:44:25.966085" level="INFO">Clicking element 'xpath=//button[@type='submit']'.</msg>
<arg>${BOTAO_SALVAR_TAREFA}</arg>
<doc>Click the element identified by ``locator``.</doc>
<status status="PASS" start="2025-04-27T13:44:25.966023" elapsed="0.103186"/>
</kw>
<kw name="Sleep" owner="BuiltIn">
<msg time="2025-04-27T13:44:29.069316" level="INFO">Slept 3 seconds.</msg>
<arg>3s</arg>
<doc>Pauses the test executed for the given time.</doc>
<status status="PASS" start="2025-04-27T13:44:26.069209" elapsed="3.000107"/>
</kw>
<status status="PASS" start="2025-04-27T13:44:23.001941" elapsed="6.067878"/>
</kw>
<kw name="Editar Tarefa" owner="Editar_Tarefas_Keywords">
<kw name="Click Element" owner="SeleniumLibrary">
<msg time="2025-04-27T13:44:29.070825" level="INFO">Clicking element 'xpath=//div[@class="task_content"]'.</msg>
<arg>xpath=//div[@class="task_content"]</arg>
<doc>Click the element identified by ``locator``.</doc>
<status status="PASS" start="2025-04-27T13:44:29.070825" elapsed="0.199508"/>
</kw>
<kw name="Wait Until Element Is Visible" owner="SeleniumLibrary">
<arg>xpath=//div[@aria-label='Nome da tarefa']</arg>
<doc>Waits until the element ``locator`` is visible.</doc>
<status status="PASS" start="2025-04-27T13:44:29.270333" elapsed="0.063828"/>
</kw>
<kw name="Double Click Element" owner="SeleniumLibrary">
<msg time="2025-04-27T13:44:29.334670" level="INFO">Double clicking element 'xpath=//div[@aria-label='Nome da tarefa']'.</msg>
<arg>xpath=//div[@aria-label='Nome da tarefa']</arg>
<doc>Double clicks the element identified by ``locator``.</doc>
<status status="PASS" start="2025-04-27T13:44:29.334670" elapsed="0.335306"/>
</kw>
<kw name="Input Text" owner="SeleniumLibrary">
<msg time="2025-04-27T13:44:29.670673" level="INFO">Typing text 'Desafios Técnico' into text field 'xpath=//div[@aria-label='Nome da tarefa']'.</msg>
<arg>xpath=//div[@aria-label='Nome da tarefa']</arg>
<arg>${nome_tarefa}</arg>
<doc>Types the given ``text`` into the text field identified by ``locator``.</doc>
<status status="PASS" start="2025-04-27T13:44:29.669976" elapsed="0.217118"/>
</kw>
<kw name="Double Click Element" owner="SeleniumLibrary">
<msg time="2025-04-27T13:44:29.887611" level="INFO">Double clicking element 'xpath=(//button[@class='fb8d74bb _56a651f6 _3930afa0 aa19cb97 _1e29d236'])[1]'.</msg>
<arg>xpath=(//button[@class='fb8d74bb _56a651f6 _3930afa0 aa19cb97 _1e29d236'])[1]</arg>
<doc>Double clicks the element identified by ``locator``.</doc>
<status status="PASS" start="2025-04-27T13:44:29.887611" elapsed="0.345038"/>
</kw>
<kw name="Input Text" owner="SeleniumLibrary">
<msg time="2025-04-27T13:44:30.232649" level="INFO">Typing text 'Robot Framework' into text field 'xpath=(//p[@class="is-empty is-editor-empty"])[1]'.</msg>
<arg>xpath=(//p[@class="is-empty is-editor-empty"])[1]</arg>
<arg>${nome_subtask}</arg>
<doc>Types the given ``text`` into the text field identified by ``locator``.</doc>
<status status="PASS" start="2025-04-27T13:44:30.232649" elapsed="0.202313"/>
</kw>
<kw name="Wait Until Element Is Visible" owner="SeleniumLibrary">
<arg>xpath=//button[@data-testid="task-editor-submit-button"]</arg>
<doc>Waits until the element ``locator`` is visible.</doc>
<status status="PASS" start="2025-04-27T13:44:30.434962" elapsed="0.020853"/>
</kw>
<kw name="Click Element" owner="SeleniumLibrary">
<msg time="2025-04-27T13:44:30.455815" level="INFO">Clicking element 'xpath=//button[@data-testid="task-editor-submit-button"]'.</msg>
<arg>xpath=//button[@data-testid="task-editor-submit-button"]</arg>
<doc>Click the element identified by ``locator``.</doc>
<status status="PASS" start="2025-04-27T13:44:30.455815" elapsed="0.117202"/>
</kw>
<kw name="Click Element" owner="SeleniumLibrary">
<msg time="2025-04-27T13:44:30.573017" level="INFO">Clicking element 'xpath=//button[@data-testid="task-editor-submit-button"]'.</msg>
<arg>xpath=//button[@data-testid="task-editor-submit-button"]</arg>
<doc>Click the element identified by ``locator``.</doc>
<status status="PASS" start="2025-04-27T13:44:30.573017" elapsed="0.142161"/>
</kw>
<kw name="Click Element" owner="SeleniumLibrary">
<msg time="2025-04-27T13:44:30.716503" level="INFO">Clicking element 'xpath=//button[@aria-label="Fechar tarefa"]'.</msg>
<arg>xpath=//button[@aria-label="Fechar tarefa"]</arg>
<doc>Click the element identified by ``locator``.</doc>
<status status="PASS" start="2025-04-27T13:44:30.716503" elapsed="0.112107"/>
</kw>
<kw name="Sleep" owner="BuiltIn">
<msg time="2025-04-27T13:44:33.829050" level="INFO">Slept 3 seconds.</msg>
<arg>3s</arg>
<doc>Pauses the test executed for the given time.</doc>
<status status="PASS" start="2025-04-27T13:44:30.828610" elapsed="3.000598"/>
</kw>
<arg>Desafios Técnico</arg>
<arg>Robot Framework</arg>
<status status="PASS" start="2025-04-27T13:44:29.069819" elapsed="4.759389"/>
</kw>
<kw name="Excluir tarefa" owner="Excluir_Tarefas_keywords">
<kw name="Mouse Over" owner="SeleniumLibrary">
<msg time="2025-04-27T13:44:33.830080" level="INFO">Simulating Mouse Over on element 'xpath=//button[@data-testid='more_menu']'.</msg>
<arg>${BOTAO_MAIS_ACOES}</arg>
<doc>Simulates hovering the mouse over the element ``locator``.</doc>
<status status="PASS" start="2025-04-27T13:44:33.830080" elapsed="0.281685"/>
</kw>
<kw name="Click Element" owner="SeleniumLibrary">
<msg time="2025-04-27T13:44:34.111765" level="INFO">Clicking element 'xpath=//button[@data-testid='more_menu']'.</msg>
<arg>${BOTAO_MAIS_ACOES}</arg>
<doc>Click the element identified by ``locator``.</doc>
<status status="PASS" start="2025-04-27T13:44:34.111765" elapsed="0.175452"/>
</kw>
<kw name="Click Element" owner="SeleniumLibrary">
<msg time="2025-04-27T13:44:34.289556" level="INFO">Clicking element 'xpath=//div[@class="a83bd4e0 a8d37c6e _2f303ac3 fb8d74bb _211eebc7" and contains(text(), 'Excluir')]'.</msg>
<arg>${OPCAO_EXCLUIR_TAREFA}</arg>
<doc>Click the element identified by ``locator``.</doc>
<status status="PASS" start="2025-04-27T13:44:34.288562" elapsed="0.109230"/>
</kw>
<kw name="Click Element" owner="SeleniumLibrary">
<msg time="2025-04-27T13:44:34.399634" level="INFO">Clicking element 'xpath=//button[@class="fb8d74bb _56a651f6 _3930afa0 _7ea1378e _7246d092"]'.</msg>
<arg>${BOTAO_CONFIRMAR_EXCLUSAO}</arg>
<doc>Click the element identified by ``locator``.</doc>
<status status="PASS" start="2025-04-27T13:44:34.399634" elapsed="0.074427"/>
</kw>
<kw name="Sleep" owner="BuiltIn">
<msg time="2025-04-27T13:44:37.476591" level="INFO">Slept 3 seconds.</msg>
<arg>3s</arg>
<doc>Pauses the test executed for the given time.</doc>
<status status="PASS" start="2025-04-27T13:44:34.475623" elapsed="3.000968"/>
</kw>
<kw name="Close Browser" owner="SeleniumLibrary">
<doc>Closes the current browser.</doc>
<status status="PASS" start="2025-04-27T13:44:37.476591" elapsed="2.220555"/>
</kw>
<status status="PASS" start="2025-04-27T13:44:33.830080" elapsed="5.867066"/>
</kw>
<status status="PASS" start="2025-04-27T13:44:14.419397" elapsed="25.278484"/>
</test>
<status status="PASS" start="2025-04-27T13:44:14.206665" elapsed="25.492894"/>
</suite>
<status status="PASS" start="2025-04-27T13:44:14.203608" elapsed="25.496797"/>
</suite>
<status status="PASS" start="2025-04-27T13:44:14.178855" elapsed="25.523246"/>
</suite>
<statistics>
<total>
<stat pass="1" fail="0" skip="0">All Tests</stat>
</total>
<tag>
</tag>
<suite>
<stat name="Projeto-Robot" id="s1" pass="1" fail="0" skip="0">Projeto-Robot</stat>
<stat name="Testes" id="s1-s1" pass="1" fail="0" skip="0">Projeto-Robot.Testes</stat>
<stat name="Actions" id="s1-s1-s1" pass="1" fail="0" skip="0">Projeto-Robot.Testes.Actions</stat>
</suite>
</statistics>
<errors>
</errors>
</robot>
